# JRE version: Java(TM) SE Runtime Environment (8.0_212-b10) (build 1.8.0_212-b10)
# Java VM: Java HotSpot(TM) 64-Bit Server VM (25.212-b10 mixed mode windows-amd64 compressed oops)
Heap:
 PSYoungGen      total 135168K, used 64458K [0x00000000eab00000, 0x00000000f3b80000, 0x0000000100000000)
  eden space 126464K, 44% used [0x00000000eab00000,0x00000000ee1767f0,0x00000000f2680000)
  from space 8704K, 99% used [0x00000000f2f00000,0x00000000f377c1c8,0x00000000f3780000)
  to   space 8704K, 0% used [0x00000000f2680000,0x00000000f2680000,0x00000000f2f00000)
 ParOldGen       total 70144K, used 27280K [0x00000000c0000000, 0x00000000c4480000, 0x00000000eab00000)
  object space 70144K, 38% used [0x00000000c0000000,0x00000000c1aa4398,0x00000000c4480000)
 Metaspace       used 80992K, capacity 85450K, committed 85656K, reserved 1124352K
  class space    used 10870K, capacity 11322K, committed 11424K, reserved 1048576K
GC Heap History (10 events):
Event: 16.572 GC heap before
{Heap before GC invocations=15 (full 2):
 PSYoungGen      total 104448K, used 104014K [0x00000000eab00000, 0x00000000f1b00000, 0x0000000100000000)
  eden space 98816K, 100% used [0x00000000eab00000,0x00000000f0b80000,0x00000000f0b80000)
  from space 5632K, 92% used [0x00000000f1580000,0x00000000f1a93958,0x00000000f1b00000)
  to   space 7680K, 0% used [0x00000000f0c00000,0x00000000f0c00000,0x00000000f1380000)
 ParOldGen       total 70144K, used 11756K [0x00000000c0000000, 0x00000000c4480000, 0x00000000eab00000)
  object space 70144K, 16% used [0x00000000c0000000,0x00000000c0b7b050,0x00000000c4480000)
 Metaspace       used 50905K, capacity 53758K, committed 53928K, reserved 1095680K
  class space    used 6718K, capacity 6992K, committed 7088K, reserved 1048576K
Event: 16.581 GC heap after
Heap after GC invocations=15 (full 2):
 PSYoungGen      total 107008K, used 7665K [0x00000000eab00000, 0x00000000f3780000, 0x0000000100000000)
  eden space 99328K, 0% used [0x00000000eab00000,0x00000000eab00000,0x00000000f0c00000)
  from space 7680K, 99% used [0x00000000f0c00000,0x00000000f137c710,0x00000000f1380000)
  to   space 8704K, 0% used [0x00000000f2f00000,0x00000000f2f00000,0x00000000f3780000)
 ParOldGen       total 70144K, used 13763K [0x00000000c0000000, 0x00000000c4480000, 0x00000000eab00000)
  object space 70144K, 19% used [0x00000000c0000000,0x00000000c0d70c20,0x00000000c4480000)
 Metaspace       used 50905K, capacity 53758K, committed 53928K, reserved 1095680K
  class space    used 6718K, capacity 6992K, committed 7088K, reserved 1048576K
}
Event: 17.136 GC heap before
{Heap before GC invocations=16 (full 2):
 PSYoungGen      total 107008K, used 61518K [0x00000000eab00000, 0x00000000f3780000, 0x0000000100000000)
  eden space 99328K, 54% used [0x00000000eab00000,0x00000000edf972e8,0x00000000f0c00000)
  from space 7680K, 99% used [0x00000000f0c00000,0x00000000f137c710,0x00000000f1380000)
  to   space 8704K, 0% used [0x00000000f2f00000,0x00000000f2f00000,0x00000000f3780000)
 ParOldGen       total 70144K, used 13763K [0x00000000c0000000, 0x00000000c4480000, 0x00000000eab00000)
  object space 70144K, 19% used [0x00000000c0000000,0x00000000c0d70c20,0x00000000c4480000)
 Metaspace       used 55690K, capacity 59032K, committed 59160K, reserved 1101824K
  class space    used 7292K, capacity 7629K, committed 7712K, reserved 1048576K
Event: 17.145 GC heap after
Heap after GC invocations=16 (full 2):
 PSYoungGen      total 135168K, used 5450K [0x00000000eab00000, 0x00000000f3b80000, 0x0000000100000000)
  eden space 126464K, 0% used [0x00000000eab00000,0x00000000eab00000,0x00000000f2680000)
  from space 8704K, 62% used [0x00000000f2f00000,0x00000000f3452838,0x00000000f3780000)
  to   space 8704K, 0% used [0x00000000f2680000,0x00000000f2680000,0x00000000f2f00000)
 ParOldGen       total 70144K, used 16226K [0x00000000c0000000, 0x00000000c4480000, 0x00000000eab00000)
  object space 70144K, 23% used [0x00000000c0000000,0x00000000c0fd8810,0x00000000c4480000)
 Metaspace       used 55690K, capacity 59032K, committed 59160K, reserved 1101824K
  class space    used 7292K, capacity 7629K, committed 7712K, reserved 1048576K
}
Event: 17.145 GC heap before
{Heap before GC invocations=17 (full 3):
 PSYoungGen      total 135168K, used 5450K [0x00000000eab00000, 0x00000000f3b80000, 0x0000000100000000)
  eden space 126464K, 0% used [0x00000000eab00000,0x00000000eab00000,0x00000000f2680000)
  from space 8704K, 62% used [0x00000000f2f00000,0x00000000f3452838,0x00000000f3780000)
  to   space 8704K, 0% used [0x00000000f2680000,0x00000000f2680000,0x00000000f2f00000)
 ParOldGen       total 70144K, used 16226K [0x00000000c0000000, 0x00000000c4480000, 0x00000000eab00000)
  object space 70144K, 23% used [0x00000000c0000000,0x00000000c0fd8810,0x00000000c4480000)
 Metaspace       used 55690K, capacity 59032K, committed 59160K, reserved 1101824K
  class space    used 7292K, capacity 7629K, committed 7712K, reserved 1048576K
Event: 17.283 GC heap after
Heap after GC invocations=17 (full 3):
 PSYoungGen      total 135168K, used 0K [0x00000000eab00000, 0x00000000f3b80000, 0x0000000100000000)
  eden space 126464K, 0% used [0x00000000eab00000,0x00000000eab00000,0x00000000f2680000)
  from space 8704K, 0% used [0x00000000f2f00000,0x00000000f2f00000,0x00000000f3780000)
  to   space 8704K, 0% used [0x00000000f2680000,0x00000000f2680000,0x00000000f2f00000)
 ParOldGen       total 70144K, used 18046K [0x00000000c0000000, 0x00000000c4480000, 0x00000000eab00000)
  object space 70144K, 25% used [0x00000000c0000000,0x00000000c119f848,0x00000000c4480000)
 Metaspace       used 55687K, capacity 59026K, committed 59160K, reserved 1101824K
  class space    used 7291K, capacity 7628K, committed 7712K, reserved 1048576K
}
Event: 18.437 GC heap before
{Heap before GC invocations=18 (full 3):
 PSYoungGen      total 135168K, used 126464K [0x00000000eab00000, 0x00000000f3b80000, 0x0000000100000000)
  eden space 126464K, 100% used [0x00000000eab00000,0x00000000f2680000,0x00000000f2680000)
  from space 8704K, 0% used [0x00000000f2f00000,0x00000000f2f00000,0x00000000f3780000)
  to   space 8704K, 0% used [0x00000000f2680000,0x00000000f2680000,0x00000000f2f00000)
 ParOldGen       total 70144K, used 18046K [0x00000000c0000000, 0x00000000c4480000, 0x00000000eab00000)
  object space 70144K, 25% used [0x00000000c0000000,0x00000000c119f848,0x00000000c4480000)
 Metaspace       used 65222K, capacity 68834K, committed 68888K, reserved 1110016K
  class space    used 8595K, capacity 8980K, committed 8992K, reserved 1048576K
Event: 18.449 GC heap after
Heap after GC invocations=18 (full 3):
 PSYoungGen      total 135168K, used 8703K [0x00000000eab00000, 0x00000000f3b80000, 0x0000000100000000)
  eden space 126464K, 0% used [0x00000000eab00000,0x00000000eab00000,0x00000000f2680000)
  from space 8704K, 99% used [0x00000000f2680000,0x00000000f2effd48,0x00000000f2f00000)
  to   space 8704K, 0% used [0x00000000f2f00000,0x00000000f2f00000,0x00000000f3780000)
 ParOldGen       total 70144K, used 21871K [0x00000000c0000000, 0x00000000c4480000, 0x00000000eab00000)
  object space 70144K, 31% used [0x00000000c0000000,0x00000000c155bdc8,0x00000000c4480000)
 Metaspace       used 65222K, capacity 68834K, committed 68888K, reserved 1110016K
  class space    used 8595K, capacity 8980K, committed 8992K, reserved 1048576K
}
Event: 19.713 GC heap before
{Heap before GC invocations=19 (full 3):
 PSYoungGen      total 135168K, used 135167K [0x00000000eab00000, 0x00000000f3b80000, 0x0000000100000000)
  eden space 126464K, 100% used [0x00000000eab00000,0x00000000f2680000,0x00000000f2680000)
  from space 8704K, 99% used [0x00000000f2680000,0x00000000f2effd48,0x00000000f2f00000)
  to   space 8704K, 0% used [0x00000000f2f00000,0x00000000f2f00000,0x00000000f3780000)
 ParOldGen       total 70144K, used 21871K [0x00000000c0000000, 0x00000000c4480000, 0x00000000eab00000)
  object space 70144K, 31% used [0x00000000c0000000,0x00000000c155bdc8,0x00000000c4480000)
 Metaspace       used 76258K, capacity 80524K, committed 80664K, reserved 1120256K
  class space    used 10078K, capacity 10514K, committed 10528K, reserved 1048576K
Event: 19.724 GC heap after
Heap after GC invocations=19 (full 3):
 PSYoungGen      total 135168K, used 8688K [0x00000000eab00000, 0x00000000f3b80000, 0x0000000100000000)
  eden space 126464K, 0% used [0x00000000eab00000,0x00000000eab00000,0x00000000f2680000)
  from space 8704K, 99% used [0x00000000f2f00000,0x00000000f377c1c8,0x00000000f3780000)
  to   space 8704K, 0% used [0x00000000f2680000,0x00000000f2680000,0x00000000f2f00000)
 ParOldGen       total 70144K, used 27280K [0x00000000c0000000, 0x00000000c4480000, 0x00000000eab00000)
  object space 70144K, 38% used [0x00000000c0000000,0x00000000c1aa4398,0x00000000c4480000)
 Metaspace       used 76258K, capacity 80524K, committed 80664K, reserved 1120256K
  class space    used 10078K, capacity 10514K, committed 10528K, reserved 1048576K
}

